Nonterminals useless in grammar

   aggtypes


Terminals unused in grammar

   KWD_INCLUDE


Rules useless in grammar

  174 aggtypes: KWD_STRUCT
  175         | KWD_UNION


Rules useless in parser due to conflicts

    4 line: %empty

   97 constant: %empty


State 1 conflicts: 11 shift/reduce, 11 reduce/reduce
State 33 conflicts: 1 shift/reduce
State 47 conflicts: 5 reduce/reduce
State 64 conflicts: 1 shift/reduce
State 132 conflicts: 1 shift/reduce
State 170 conflicts: 3 shift/reduce
State 174 conflicts: 3 shift/reduce
State 182 conflicts: 1 shift/reduce
State 183 conflicts: 1 shift/reduce
State 184 conflicts: 1 shift/reduce
State 196 conflicts: 1 shift/reduce
State 202 conflicts: 1 shift/reduce
State 219 conflicts: 3 shift/reduce
State 229 conflicts: 3 shift/reduce
State 247 conflicts: 1 shift/reduce
State 248 conflicts: 1 shift/reduce
State 249 conflicts: 3 shift/reduce
State 250 conflicts: 3 shift/reduce
State 251 conflicts: 3 shift/reduce
State 252 conflicts: 1 shift/reduce
State 253 conflicts: 1 shift/reduce
State 254 conflicts: 3 shift/reduce
State 255 conflicts: 3 shift/reduce
State 256 conflicts: 3 shift/reduce


Grammar

    0 $accept: prog $end

    1 prog: %empty
    2     | prog line
    3     | prog error

    4 line: %empty
    5     | comment
    6     | module
    7     | end_module
    8     | aggregate
    9     | constant
   10     | varset
   11     | literal

   12 $@1: %empty

   13 varset: sdlvar KWD_EQ quoted_string $@1 EOL

   14 $@2: %empty

   15 varset: sdlvar KWD_EQ value $@2 EOL

   16 $@3: %empty

   17 literal: KWD_LITERAL EOL $@3 literal

   18 $@4: %empty

   19 literal: tline $@4 literal
   20        | KWD_END_LITERAL EOL

   21 module: KWD_MODULE id KWD_IDENT quoted_string EOL

   22 end_module: KWD_END_MODULE EOL

   23 value: sdlvar
   24      | decimal
   25      | hexadecimal
   26      | octal

   27 tag: KWD_TAG quoted_string

   28 pref: KWD_PREFIX quoted_string

   29 inc: KWD_INC value

   30 sizespec: KWD_LENGTH value
   31         | KWD_DIMENSION value

   32 signspec: KWD_SIGNED
   33         | KWD_UNSIGNED

   34 basetypes: KWD_PTR
   35          | KWD_BYTE
   36          | KWD_WORD
   37          | KWD_LONG
   38          | KWD_QUAD
   39          | KWD_OCTA
   40          | KWD_BFLD
   41          | KWD_FLOAT
   42          | KWD_DOUBLE

   43 syntypes: KWD_PACKED
   44         | KWD_ASCIC
   45         | KWD_DESC
   46         | KWD_HWADDR
   47         | KWD_IPADDR
   48         | KWD_IP4ADDR
   49         | KWD_IP6ADDR
   50         | KWD_SOCKET
   51         | KWD_ENTRY
   52         | KWD_VOID

   53 usertypes: id

   54 align: KWD_ALIGN
   55      | KWD_NOALIGN
   56      | KWD_ALIGN KWD_BYTE
   57      | KWD_ALIGN KWD_WORD
   58      | KWD_ALIGN KWD_LONG
   59      | KWD_ALIGN KWD_QUAD
   60      | KWD_ALIGN KWD_OCTA
   61      | KWD_ALIGN KWD_PAGE

   62 radix: KWD_RADIX KWD_DEC
   63      | KWD_RADIX KWD_OCT
   64      | KWD_RADIX KWD_BIN
   65      | KWD_RADIX KWD_HEX

   66 constant_opts: %empty

   67 $@5: %empty

   68 constant_opts: pref $@5 constant_opts

   69 $@6: %empty

   70 constant_opts: tag $@6 constant_opts

   71 $@7: %empty

   72 constant_opts: KWD_MASK $@7 constlist_opts
   73              | EOL

   74 constlist_opts: %empty

   75 $@8: %empty

   76 constlist_opts: pref $@8 constlist_opts

   77 $@9: %empty

   78 constlist_opts: tag $@9 constlist_opts

   79 $@10: %empty

   80 constlist_opts: inc $@10 constlist_opts

   81 $@11: %empty

   82 constlist_opts: radix $@11 constlist_opts

   83 $@12: %empty

   84 constlist_opts: KWD_MASK $@12 constlist_opts
   85               | EOL

   86 constlist_ids: %empty

   87 $@13: %empty

   88 constlist_ids: id KWD_EQ value $@13 constlist_ids

   89 $@14: %empty

   90 constlist_ids: id $@14 constlist_ids

   91 $@15: %empty

   92 constlist_ids: COMMA comment $@15 constlist_ids

   93 $@16: %empty

   94 constlist_ids: comment $@16 constlist_ids
   95              | COMMA constlist_ids
   96              | CLOSE_LIST

   97 constant: %empty

   98 $@17: %empty

   99 constant: KWD_CONST OPEN_LIST constlist_ids KWD_EQ value $@17 constlist_opts

  100 $@18: %empty

  101 constant: KWD_CONST id KWD_EQ value $@18 constant_opts

  102 struct_items: %empty
  103             | KWD_END id EOL

  104 $@19: %empty

  105 struct_items: id KWD_STRUCT $@19 struct_opts struct_items KWD_END id EOL

  106 $@20: %empty

  107 struct_items: id KWD_UNION $@20 union_opts union_items KWD_END id EOL

  108 $@21: %empty

  109 struct_items: id basetypes $@21 field_opts struct_items

  110 $@22: %empty

  111 struct_items: id syntypes $@22 field_opts struct_items

  112 $@23: %empty

  113 struct_items: id usertypes $@23 field_opts struct_items

  114 $@24: %empty

  115 struct_items: comment $@24 struct_items

  116 union_items: %empty
  117            | KWD_END id EOL

  118 $@25: %empty

  119 union_items: id KWD_STRUCT $@25 struct_opts struct_items KWD_END id EOL

  120 $@26: %empty

  121 union_items: id KWD_UNION $@26 union_opts union_items KWD_END id EOL

  122 $@27: %empty

  123 union_items: id basetypes $@27 field_opts union_items

  124 $@28: %empty

  125 union_items: id syntypes $@28 field_opts union_items

  126 $@29: %empty

  127 union_items: id usertypes $@29 field_opts union_items

  128 $@30: %empty

  129 union_items: comment $@30 union_items

  130 $@31: %empty

  131 struct_opts: tag $@31 struct_opts

  132 $@32: %empty

  133 struct_opts: pref $@32 struct_opts

  134 $@33: %empty

  135 struct_opts: align $@33 struct_opts
  136            | EOL

  137 $@34: %empty

  138 union_opts: tag $@34 union_opts

  139 $@35: %empty

  140 union_opts: pref $@35 union_opts
  141           | EOL

  142 $@36: %empty

  143 field_opts: sizespec $@36 field_opts

  144 $@37: %empty

  145 field_opts: signspec $@37 field_opts
  146           | EOL

  147 agg_items: %empty
  148          | KWD_END id EOL

  149 $@38: %empty

  150 agg_items: id KWD_STRUCT $@38 struct_opts struct_items agg_items

  151 $@39: %empty

  152 agg_items: id KWD_UNION $@39 union_opts union_items agg_items

  153 $@40: %empty

  154 agg_items: id basetypes $@40 field_opts agg_items

  155 $@41: %empty

  156 agg_items: id syntypes $@41 field_opts agg_items

  157 $@42: %empty

  158 agg_items: id usertypes $@42 field_opts agg_items

  159 $@43: %empty

  160 agg_items: comment $@43 agg_items

  161 $@44: %empty

  162 agg_opts: KWD_STRUCT $@44 agg_opts

  163 $@45: %empty

  164 agg_opts: KWD_UNION $@45 agg_opts

  165 $@46: %empty

  166 agg_opts: tag $@46 agg_opts

  167 $@47: %empty

  168 agg_opts: pref $@47 agg_opts

  169 $@48: %empty

  170 agg_opts: align $@48 agg_opts
  171         | EOL

  172 $@49: %empty

  173 aggregate: KWD_AGGREGATE id $@49 agg_opts agg_items


Terminals, with rules where they appear

$end (0) 0
error (256) 3
KWD_INCLUDE (258)
KWD_IDENT (259) 21
KWD_MODULE (260) 21
KWD_END_MODULE (261) 22
KWD_LITERAL (262) 17
KWD_END_LITERAL (263) 20
KWD_PREFIX (264) 28
KWD_TAG (265) 27
KWD_BYTE (266) 35 56
KWD_WORD (267) 36 57
KWD_LONG (268) 37 58
KWD_QUAD (269) 38 59
KWD_OCTA (270) 39 60
KWD_BFLD (271) 40
KWD_FLOAT (272) 41
KWD_DOUBLE (273) 42
KWD_PAGE (274) 61
KWD_SIGNED (275) 32
KWD_UNSIGNED (276) 33
KWD_DIMENSION (277) 31
KWD_LENGTH (278) 30
KWD_PACKED (279) 43
KWD_PTR (280) 34
KWD_VOID (281) 52
KWD_ENTRY (282) 51
KWD_MASK (283) 72 84
KWD_NOALIGN (284) 55
KWD_ALIGN (285) 54 56 57 58 59 60 61
KWD_ASCIC (286) 44
KWD_DESC (287) 45
KWD_HWADDR (288) 46
KWD_IPADDR (289) 47
KWD_IP4ADDR (290) 48
KWD_IP6ADDR (291) 49
KWD_SOCKET (292) 50
KWD_CONST (293) 99 101
KWD_EQ (294) 13 15 88 99 101
KWD_INC (295) 29
OPEN_LIST (296) 99
COMMA (297) 92 95
CLOSE_LIST (298) 96
KWD_RADIX (299) 62 63 64 65
KWD_DEC (300) 62
KWD_HEX (301) 65
KWD_OCT (302) 63
KWD_BIN (303) 64
KWD_AGGREGATE (304) 173
KWD_STRUCT (305) 105 119 150 162
KWD_UNION (306) 107 121 152 164
KWD_END (307) 103 105 107 117 119 121 148
sdlvar (308) 13 15 23
decimal (309) 24
hexadecimal (310) 25
octal (311) 26
id (312) 21 53 88 90 101 103 105 107 109 111 113 117 119 121 123 125
    127 148 150 152 154 156 158 173
tline (313) 19
comment (314) 5 92 94 115 129 160
quoted_string (315) 13 21 27 28
EOL (316) 13 15 17 20 21 22 73 85 103 105 107 117 119 121 136 141 146
    148 171


Nonterminals, with rules where they appear

$accept (62)
    on left: 0
prog (63)
    on left: 1 2 3, on right: 0 2 3
line (64)
    on left: 4 5 6 7 8 9 10 11, on right: 2
varset (65)
    on left: 13 15, on right: 10
$@1 (66)
    on left: 12, on right: 13
$@2 (67)
    on left: 14, on right: 15
literal (68)
    on left: 17 19 20, on right: 11 17 19
$@3 (69)
    on left: 16, on right: 17
$@4 (70)
    on left: 18, on right: 19
module (71)
    on left: 21, on right: 6
end_module (72)
    on left: 22, on right: 7
value (73)
    on left: 23 24 25 26, on right: 15 29 30 31 88 99 101
tag (74)
    on left: 27, on right: 70 78 131 138 166
pref (75)
    on left: 28, on right: 68 76 133 140 168
inc (76)
    on left: 29, on right: 80
sizespec (77)
    on left: 30 31, on right: 143
signspec (78)
    on left: 32 33, on right: 145
basetypes (79)
    on left: 34 35 36 37 38 39 40 41 42, on right: 109 123 154
syntypes (80)
    on left: 43 44 45 46 47 48 49 50 51 52, on right: 111 125 156
usertypes (81)
    on left: 53, on right: 113 127 158
align (82)
    on left: 54 55 56 57 58 59 60 61, on right: 135 170
radix (83)
    on left: 62 63 64 65, on right: 82
constant_opts (84)
    on left: 66 68 70 72 73, on right: 68 70 101
$@5 (85)
    on left: 67, on right: 68
$@6 (86)
    on left: 69, on right: 70
$@7 (87)
    on left: 71, on right: 72
constlist_opts (88)
    on left: 74 76 78 80 82 84 85, on right: 72 76 78 80 82 84 99
$@8 (89)
    on left: 75, on right: 76
$@9 (90)
    on left: 77, on right: 78
$@10 (91)
    on left: 79, on right: 80
$@11 (92)
    on left: 81, on right: 82
$@12 (93)
    on left: 83, on right: 84
constlist_ids (94)
    on left: 86 88 90 92 94 95 96, on right: 88 90 92 94 95 99
$@13 (95)
    on left: 87, on right: 88
$@14 (96)
    on left: 89, on right: 90
$@15 (97)
    on left: 91, on right: 92
$@16 (98)
    on left: 93, on right: 94
constant (99)
    on left: 97 99 101, on right: 9
$@17 (100)
    on left: 98, on right: 99
$@18 (101)
    on left: 100, on right: 101
struct_items (102)
    on left: 102 103 105 107 109 111 113 115, on right: 105 109 111
    113 115 119 150
$@19 (103)
    on left: 104, on right: 105
$@20 (104)
    on left: 106, on right: 107
$@21 (105)
    on left: 108, on right: 109
$@22 (106)
    on left: 110, on right: 111
$@23 (107)
    on left: 112, on right: 113
$@24 (108)
    on left: 114, on right: 115
union_items (109)
    on left: 116 117 119 121 123 125 127 129, on right: 107 121 123
    125 127 129 152
$@25 (110)
    on left: 118, on right: 119
$@26 (111)
    on left: 120, on right: 121
$@27 (112)
    on left: 122, on right: 123
$@28 (113)
    on left: 124, on right: 125
$@29 (114)
    on left: 126, on right: 127
$@30 (115)
    on left: 128, on right: 129
struct_opts (116)
    on left: 131 133 135 136, on right: 105 119 131 133 135 150
$@31 (117)
    on left: 130, on right: 131
$@32 (118)
    on left: 132, on right: 133
$@33 (119)
    on left: 134, on right: 135
union_opts (120)
    on left: 138 140 141, on right: 107 121 138 140 152
$@34 (121)
    on left: 137, on right: 138
$@35 (122)
    on left: 139, on right: 140
field_opts (123)
    on left: 143 145 146, on right: 109 111 113 123 125 127 143 145
    154 156 158
$@36 (124)
    on left: 142, on right: 143
$@37 (125)
    on left: 144, on right: 145
agg_items (126)
    on left: 147 148 150 152 154 156 158 160, on right: 150 152 154
    156 158 160 173
$@38 (127)
    on left: 149, on right: 150
$@39 (128)
    on left: 151, on right: 152
$@40 (129)
    on left: 153, on right: 154
$@41 (130)
    on left: 155, on right: 156
$@42 (131)
    on left: 157, on right: 158
$@43 (132)
    on left: 159, on right: 160
agg_opts (133)
    on left: 162 164 166 168 170 171, on right: 162 164 166 168 170
    173
$@44 (134)
    on left: 161, on right: 162
$@45 (135)
    on left: 163, on right: 164
$@46 (136)
    on left: 165, on right: 166
$@47 (137)
    on left: 167, on right: 168
$@48 (138)
    on left: 169, on right: 170
aggregate (139)
    on left: 173, on right: 8
$@49 (140)
    on left: 172, on right: 173


State 0

    0 $accept: . prog $end

    $default  reduce using rule 1 (prog)

    prog  go to state 1


State 1

    0 $accept: prog . $end
    2 prog: prog . line
    3     | prog . error

    $end             shift, and go to state 2
    error            shift, and go to state 3
    KWD_MODULE       shift, and go to state 4
    KWD_END_MODULE   shift, and go to state 5
    KWD_LITERAL      shift, and go to state 6
    KWD_END_LITERAL  shift, and go to state 7
    KWD_CONST        shift, and go to state 8
    KWD_AGGREGATE    shift, and go to state 9
    sdlvar           shift, and go to state 10
    tline            shift, and go to state 11
    comment          shift, and go to state 12

    $end             [reduce using rule 4 (line)]
    $end             [reduce using rule 97 (constant)]
    error            [reduce using rule 4 (line)]
    error            [reduce using rule 97 (constant)]
    KWD_MODULE       [reduce using rule 4 (line)]
    KWD_MODULE       [reduce using rule 97 (constant)]
    KWD_END_MODULE   [reduce using rule 4 (line)]
    KWD_END_MODULE   [reduce using rule 97 (constant)]
    KWD_LITERAL      [reduce using rule 4 (line)]
    KWD_LITERAL      [reduce using rule 97 (constant)]
    KWD_END_LITERAL  [reduce using rule 4 (line)]
    KWD_END_LITERAL  [reduce using rule 97 (constant)]
    KWD_CONST        [reduce using rule 4 (line)]
    KWD_CONST        [reduce using rule 97 (constant)]
    KWD_AGGREGATE    [reduce using rule 4 (line)]
    KWD_AGGREGATE    [reduce using rule 97 (constant)]
    sdlvar           [reduce using rule 4 (line)]
    sdlvar           [reduce using rule 97 (constant)]
    tline            [reduce using rule 4 (line)]
    tline            [reduce using rule 97 (constant)]
    comment          [reduce using rule 4 (line)]
    comment          [reduce using rule 97 (constant)]

    line        go to state 13
    varset      go to state 14
    literal     go to state 15
    module      go to state 16
    end_module  go to state 17
    constant    go to state 18
    aggregate   go to state 19


State 2

    0 $accept: prog $end .

    $default  accept


State 3

    3 prog: prog error .

    $default  reduce using rule 3 (prog)


State 4

   21 module: KWD_MODULE . id KWD_IDENT quoted_string EOL

    id  shift, and go to state 20


State 5

   22 end_module: KWD_END_MODULE . EOL

    EOL  shift, and go to state 21


State 6

   17 literal: KWD_LITERAL . EOL $@3 literal

    EOL  shift, and go to state 22


State 7

   20 literal: KWD_END_LITERAL . EOL

    EOL  shift, and go to state 23


State 8

   99 constant: KWD_CONST . OPEN_LIST constlist_ids KWD_EQ value $@17 constlist_opts
  101         | KWD_CONST . id KWD_EQ value $@18 constant_opts

    OPEN_LIST  shift, and go to state 24
    id         shift, and go to state 25


State 9

  173 aggregate: KWD_AGGREGATE . id $@49 agg_opts agg_items

    id  shift, and go to state 26


State 10

   13 varset: sdlvar . KWD_EQ quoted_string $@1 EOL
   15       | sdlvar . KWD_EQ value $@2 EOL

    KWD_EQ  shift, and go to state 27


State 11

   19 literal: tline . $@4 literal

    $default  reduce using rule 18 ($@4)

    $@4  go to state 28


State 12

    5 line: comment .

    $default  reduce using rule 5 (line)


State 13

    2 prog: prog line .

    $default  reduce using rule 2 (prog)


State 14

   10 line: varset .

    $default  reduce using rule 10 (line)


State 15

   11 line: literal .

    $default  reduce using rule 11 (line)


State 16

    6 line: module .

    $default  reduce using rule 6 (line)


State 17

    7 line: end_module .

    $default  reduce using rule 7 (line)


State 18

    9 line: constant .

    $default  reduce using rule 9 (line)


State 19

    8 line: aggregate .

    $default  reduce using rule 8 (line)


State 20

   21 module: KWD_MODULE id . KWD_IDENT quoted_string EOL

    KWD_IDENT  shift, and go to state 29


State 21

   22 end_module: KWD_END_MODULE EOL .

    $default  reduce using rule 22 (end_module)


State 22

   17 literal: KWD_LITERAL EOL . $@3 literal

    $default  reduce using rule 16 ($@3)

    $@3  go to state 30


State 23

   20 literal: KWD_END_LITERAL EOL .

    $default  reduce using rule 20 (literal)


State 24

   99 constant: KWD_CONST OPEN_LIST . constlist_ids KWD_EQ value $@17 constlist_opts

    COMMA       shift, and go to state 31
    CLOSE_LIST  shift, and go to state 32
    id          shift, and go to state 33
    comment     shift, and go to state 34

    $default  reduce using rule 86 (constlist_ids)

    constlist_ids  go to state 35


State 25

  101 constant: KWD_CONST id . KWD_EQ value $@18 constant_opts

    KWD_EQ  shift, and go to state 36


State 26

  173 aggregate: KWD_AGGREGATE id . $@49 agg_opts agg_items

    $default  reduce using rule 172 ($@49)

    $@49  go to state 37


State 27

   13 varset: sdlvar KWD_EQ . quoted_string $@1 EOL
   15       | sdlvar KWD_EQ . value $@2 EOL

    sdlvar         shift, and go to state 38
    decimal        shift, and go to state 39
    hexadecimal    shift, and go to state 40
    octal          shift, and go to state 41
    quoted_string  shift, and go to state 42

    value  go to state 43


State 28

   19 literal: tline $@4 . literal

    KWD_LITERAL      shift, and go to state 6
    KWD_END_LITERAL  shift, and go to state 7
    tline            shift, and go to state 11

    literal  go to state 44


State 29

   21 module: KWD_MODULE id KWD_IDENT . quoted_string EOL

    quoted_string  shift, and go to state 45


State 30

   17 literal: KWD_LITERAL EOL $@3 . literal

    KWD_LITERAL      shift, and go to state 6
    KWD_END_LITERAL  shift, and go to state 7
    tline            shift, and go to state 11

    literal  go to state 46


State 31

   92 constlist_ids: COMMA . comment $@15 constlist_ids
   95              | COMMA . constlist_ids

    COMMA       shift, and go to state 31
    CLOSE_LIST  shift, and go to state 32
    id          shift, and go to state 33
    comment     shift, and go to state 47

    $default  reduce using rule 86 (constlist_ids)

    constlist_ids  go to state 48


State 32

   96 constlist_ids: CLOSE_LIST .

    $default  reduce using rule 96 (constlist_ids)


State 33

   88 constlist_ids: id . KWD_EQ value $@13 constlist_ids
   90              | id . $@14 constlist_ids

    KWD_EQ  shift, and go to state 49

    KWD_EQ    [reduce using rule 89 ($@14)]
    $default  reduce using rule 89 ($@14)

    $@14  go to state 50


State 34

   94 constlist_ids: comment . $@16 constlist_ids

    $default  reduce using rule 93 ($@16)

    $@16  go to state 51


State 35

   99 constant: KWD_CONST OPEN_LIST constlist_ids . KWD_EQ value $@17 constlist_opts

    KWD_EQ  shift, and go to state 52


State 36

  101 constant: KWD_CONST id KWD_EQ . value $@18 constant_opts

    sdlvar       shift, and go to state 38
    decimal      shift, and go to state 39
    hexadecimal  shift, and go to state 40
    octal        shift, and go to state 41

    value  go to state 53


State 37

  173 aggregate: KWD_AGGREGATE id $@49 . agg_opts agg_items

    KWD_PREFIX   shift, and go to state 54
    KWD_TAG      shift, and go to state 55
    KWD_NOALIGN  shift, and go to state 56
    KWD_ALIGN    shift, and go to state 57
    KWD_STRUCT   shift, and go to state 58
    KWD_UNION    shift, and go to state 59
    EOL          shift, and go to state 60

    tag       go to state 61
    pref      go to state 62
    align     go to state 63
    agg_opts  go to state 64


State 38

   23 value: sdlvar .

    $default  reduce using rule 23 (value)


State 39

   24 value: decimal .

    $default  reduce using rule 24 (value)


State 40

   25 value: hexadecimal .

    $default  reduce using rule 25 (value)


State 41

   26 value: octal .

    $default  reduce using rule 26 (value)


State 42

   13 varset: sdlvar KWD_EQ quoted_string . $@1 EOL

    $default  reduce using rule 12 ($@1)

    $@1  go to state 65


State 43

   15 varset: sdlvar KWD_EQ value . $@2 EOL

    $default  reduce using rule 14 ($@2)

    $@2  go to state 66


State 44

   19 literal: tline $@4 literal .

    $default  reduce using rule 19 (literal)


State 45

   21 module: KWD_MODULE id KWD_IDENT quoted_string . EOL

    EOL  shift, and go to state 67


State 46

   17 literal: KWD_LITERAL EOL $@3 literal .

    $default  reduce using rule 17 (literal)


State 47

   92 constlist_ids: COMMA comment . $@15 constlist_ids
   94              | comment . $@16 constlist_ids

    KWD_EQ      reduce using rule 91 ($@15)
    KWD_EQ      [reduce using rule 93 ($@16)]
    COMMA       reduce using rule 91 ($@15)
    COMMA       [reduce using rule 93 ($@16)]
    CLOSE_LIST  reduce using rule 91 ($@15)
    CLOSE_LIST  [reduce using rule 93 ($@16)]
    id          reduce using rule 91 ($@15)
    id          [reduce using rule 93 ($@16)]
    comment     reduce using rule 91 ($@15)
    comment     [reduce using rule 93 ($@16)]
    $default    reduce using rule 91 ($@15)

    $@15  go to state 68
    $@16  go to state 51


State 48

   95 constlist_ids: COMMA constlist_ids .

    $default  reduce using rule 95 (constlist_ids)


State 49

   88 constlist_ids: id KWD_EQ . value $@13 constlist_ids

    sdlvar       shift, and go to state 38
    decimal      shift, and go to state 39
    hexadecimal  shift, and go to state 40
    octal        shift, and go to state 41

    value  go to state 69


State 50

   90 constlist_ids: id $@14 . constlist_ids

    COMMA       shift, and go to state 31
    CLOSE_LIST  shift, and go to state 32
    id          shift, and go to state 33
    comment     shift, and go to state 34

    $default  reduce using rule 86 (constlist_ids)

    constlist_ids  go to state 70


State 51

   94 constlist_ids: comment $@16 . constlist_ids

    COMMA       shift, and go to state 31
    CLOSE_LIST  shift, and go to state 32
    id          shift, and go to state 33
    comment     shift, and go to state 34

    $default  reduce using rule 86 (constlist_ids)

    constlist_ids  go to state 71


State 52

   99 constant: KWD_CONST OPEN_LIST constlist_ids KWD_EQ . value $@17 constlist_opts

    sdlvar       shift, and go to state 38
    decimal      shift, and go to state 39
    hexadecimal  shift, and go to state 40
    octal        shift, and go to state 41

    value  go to state 72


State 53

  101 constant: KWD_CONST id KWD_EQ value . $@18 constant_opts

    $default  reduce using rule 100 ($@18)

    $@18  go to state 73


State 54

   28 pref: KWD_PREFIX . quoted_string

    quoted_string  shift, and go to state 74


State 55

   27 tag: KWD_TAG . quoted_string

    quoted_string  shift, and go to state 75


State 56

   55 align: KWD_NOALIGN .

    $default  reduce using rule 55 (align)


State 57

   54 align: KWD_ALIGN .
   56      | KWD_ALIGN . KWD_BYTE
   57      | KWD_ALIGN . KWD_WORD
   58      | KWD_ALIGN . KWD_LONG
   59      | KWD_ALIGN . KWD_QUAD
   60      | KWD_ALIGN . KWD_OCTA
   61      | KWD_ALIGN . KWD_PAGE

    KWD_BYTE  shift, and go to state 76
    KWD_WORD  shift, and go to state 77
    KWD_LONG  shift, and go to state 78
    KWD_QUAD  shift, and go to state 79
    KWD_OCTA  shift, and go to state 80
    KWD_PAGE  shift, and go to state 81

    $default  reduce using rule 54 (align)


State 58

  162 agg_opts: KWD_STRUCT . $@44 agg_opts

    $default  reduce using rule 161 ($@44)

    $@44  go to state 82


State 59

  164 agg_opts: KWD_UNION . $@45 agg_opts

    $default  reduce using rule 163 ($@45)

    $@45  go to state 83


State 60

  171 agg_opts: EOL .

    $default  reduce using rule 171 (agg_opts)


State 61

  166 agg_opts: tag . $@46 agg_opts

    $default  reduce using rule 165 ($@46)

    $@46  go to state 84


State 62

  168 agg_opts: pref . $@47 agg_opts

    $default  reduce using rule 167 ($@47)

    $@47  go to state 85


State 63

  170 agg_opts: align . $@48 agg_opts

    $default  reduce using rule 169 ($@48)

    $@48  go to state 86


State 64

  173 aggregate: KWD_AGGREGATE id $@49 agg_opts . agg_items

    KWD_END  shift, and go to state 87
    id       shift, and go to state 88
    comment  shift, and go to state 89

    comment   [reduce using rule 147 (agg_items)]
    $default  reduce using rule 147 (agg_items)

    agg_items  go to state 90


State 65

   13 varset: sdlvar KWD_EQ quoted_string $@1 . EOL

    EOL  shift, and go to state 91


State 66

   15 varset: sdlvar KWD_EQ value $@2 . EOL

    EOL  shift, and go to state 92


State 67

   21 module: KWD_MODULE id KWD_IDENT quoted_string EOL .

    $default  reduce using rule 21 (module)


State 68

   92 constlist_ids: COMMA comment $@15 . constlist_ids

    COMMA       shift, and go to state 31
    CLOSE_LIST  shift, and go to state 32
    id          shift, and go to state 33
    comment     shift, and go to state 34

    $default  reduce using rule 86 (constlist_ids)

    constlist_ids  go to state 93


State 69

   88 constlist_ids: id KWD_EQ value . $@13 constlist_ids

    $default  reduce using rule 87 ($@13)

    $@13  go to state 94


State 70

   90 constlist_ids: id $@14 constlist_ids .

    $default  reduce using rule 90 (constlist_ids)


State 71

   94 constlist_ids: comment $@16 constlist_ids .

    $default  reduce using rule 94 (constlist_ids)


State 72

   99 constant: KWD_CONST OPEN_LIST constlist_ids KWD_EQ value . $@17 constlist_opts

    $default  reduce using rule 98 ($@17)

    $@17  go to state 95


State 73

  101 constant: KWD_CONST id KWD_EQ value $@18 . constant_opts

    KWD_PREFIX  shift, and go to state 54
    KWD_TAG     shift, and go to state 55
    KWD_MASK    shift, and go to state 96
    EOL         shift, and go to state 97

    $default  reduce using rule 66 (constant_opts)

    tag            go to state 98
    pref           go to state 99
    constant_opts  go to state 100


State 74

   28 pref: KWD_PREFIX quoted_string .

    $default  reduce using rule 28 (pref)


State 75

   27 tag: KWD_TAG quoted_string .

    $default  reduce using rule 27 (tag)


State 76

   56 align: KWD_ALIGN KWD_BYTE .

    $default  reduce using rule 56 (align)


State 77

   57 align: KWD_ALIGN KWD_WORD .

    $default  reduce using rule 57 (align)


State 78

   58 align: KWD_ALIGN KWD_LONG .

    $default  reduce using rule 58 (align)


State 79

   59 align: KWD_ALIGN KWD_QUAD .

    $default  reduce using rule 59 (align)


State 80

   60 align: KWD_ALIGN KWD_OCTA .

    $default  reduce using rule 60 (align)


State 81

   61 align: KWD_ALIGN KWD_PAGE .

    $default  reduce using rule 61 (align)


State 82

  162 agg_opts: KWD_STRUCT $@44 . agg_opts

    KWD_PREFIX   shift, and go to state 54
    KWD_TAG      shift, and go to state 55
    KWD_NOALIGN  shift, and go to state 56
    KWD_ALIGN    shift, and go to state 57
    KWD_STRUCT   shift, and go to state 58
    KWD_UNION    shift, and go to state 59
    EOL          shift, and go to state 60

    tag       go to state 61
    pref      go to state 62
    align     go to state 63
    agg_opts  go to state 101


State 83

  164 agg_opts: KWD_UNION $@45 . agg_opts

    KWD_PREFIX   shift, and go to state 54
    KWD_TAG      shift, and go to state 55
    KWD_NOALIGN  shift, and go to state 56
    KWD_ALIGN    shift, and go to state 57
    KWD_STRUCT   shift, and go to state 58
    KWD_UNION    shift, and go to state 59
    EOL          shift, and go to state 60

    tag       go to state 61
    pref      go to state 62
    align     go to state 63
    agg_opts  go to state 102


State 84

  166 agg_opts: tag $@46 . agg_opts

    KWD_PREFIX   shift, and go to state 54
    KWD_TAG      shift, and go to state 55
    KWD_NOALIGN  shift, and go to state 56
    KWD_ALIGN    shift, and go to state 57
    KWD_STRUCT   shift, and go to state 58
    KWD_UNION    shift, and go to state 59
    EOL          shift, and go to state 60

    tag       go to state 61
    pref      go to state 62
    align     go to state 63
    agg_opts  go to state 103


State 85

  168 agg_opts: pref $@47 . agg_opts

    KWD_PREFIX   shift, and go to state 54
    KWD_TAG      shift, and go to state 55
    KWD_NOALIGN  shift, and go to state 56
    KWD_ALIGN    shift, and go to state 57
    KWD_STRUCT   shift, and go to state 58
    KWD_UNION    shift, and go to state 59
    EOL          shift, and go to state 60

    tag       go to state 61
    pref      go to state 62
    align     go to state 63
    agg_opts  go to state 104


State 86

  170 agg_opts: align $@48 . agg_opts

    KWD_PREFIX   shift, and go to state 54
    KWD_TAG      shift, and go to state 55
    KWD_NOALIGN  shift, and go to state 56
    KWD_ALIGN    shift, and go to state 57
    KWD_STRUCT   shift, and go to state 58
    KWD_UNION    shift, and go to state 59
    EOL          shift, and go to state 60

    tag       go to state 61
    pref      go to state 62
    align     go to state 63
    agg_opts  go to state 105


State 87

  148 agg_items: KWD_END . id EOL

    id  shift, and go to state 106


State 88

  150 agg_items: id . KWD_STRUCT $@38 struct_opts struct_items agg_items
  152          | id . KWD_UNION $@39 union_opts union_items agg_items
  154          | id . basetypes $@40 field_opts agg_items
  156          | id . syntypes $@41 field_opts agg_items
  158          | id . usertypes $@42 field_opts agg_items

    KWD_BYTE     shift, and go to state 107
    KWD_WORD     shift, and go to state 108
    KWD_LONG     shift, and go to state 109
    KWD_QUAD     shift, and go to state 110
    KWD_OCTA     shift, and go to state 111
    KWD_BFLD     shift, and go to state 112
    KWD_FLOAT    shift, and go to state 113
    KWD_DOUBLE   shift, and go to state 114
    KWD_PACKED   shift, and go to state 115
    KWD_PTR      shift, and go to state 116
    KWD_VOID     shift, and go to state 117
    KWD_ENTRY    shift, and go to state 118
    KWD_ASCIC    shift, and go to state 119
    KWD_DESC     shift, and go to state 120
    KWD_HWADDR   shift, and go to state 121
    KWD_IPADDR   shift, and go to state 122
    KWD_IP4ADDR  shift, and go to state 123
    KWD_IP6ADDR  shift, and go to state 124
    KWD_SOCKET   shift, and go to state 125
    KWD_STRUCT   shift, and go to state 126
    KWD_UNION    shift, and go to state 127
    id           shift, and go to state 128

    basetypes  go to state 129
    syntypes   go to state 130
    usertypes  go to state 131


State 89

  160 agg_items: comment . $@43 agg_items

    $default  reduce using rule 159 ($@43)

    $@43  go to state 132


State 90

  173 aggregate: KWD_AGGREGATE id $@49 agg_opts agg_items .

    $default  reduce using rule 173 (aggregate)


State 91

   13 varset: sdlvar KWD_EQ quoted_string $@1 EOL .

    $default  reduce using rule 13 (varset)


State 92

   15 varset: sdlvar KWD_EQ value $@2 EOL .

    $default  reduce using rule 15 (varset)


State 93

   92 constlist_ids: COMMA comment $@15 constlist_ids .

    $default  reduce using rule 92 (constlist_ids)


State 94

   88 constlist_ids: id KWD_EQ value $@13 . constlist_ids

    COMMA       shift, and go to state 31
    CLOSE_LIST  shift, and go to state 32
    id          shift, and go to state 33
    comment     shift, and go to state 34

    $default  reduce using rule 86 (constlist_ids)

    constlist_ids  go to state 133


State 95

   99 constant: KWD_CONST OPEN_LIST constlist_ids KWD_EQ value $@17 . constlist_opts

    KWD_PREFIX  shift, and go to state 54
    KWD_TAG     shift, and go to state 55
    KWD_MASK    shift, and go to state 134
    KWD_INC     shift, and go to state 135
    KWD_RADIX   shift, and go to state 136
    EOL         shift, and go to state 137

    $default  reduce using rule 74 (constlist_opts)

    tag             go to state 138
    pref            go to state 139
    inc             go to state 140
    radix           go to state 141
    constlist_opts  go to state 142


State 96

   72 constant_opts: KWD_MASK . $@7 constlist_opts

    $default  reduce using rule 71 ($@7)

    $@7  go to state 143


State 97

   73 constant_opts: EOL .

    $default  reduce using rule 73 (constant_opts)


State 98

   70 constant_opts: tag . $@6 constant_opts

    $default  reduce using rule 69 ($@6)

    $@6  go to state 144


State 99

   68 constant_opts: pref . $@5 constant_opts

    $default  reduce using rule 67 ($@5)

    $@5  go to state 145


State 100

  101 constant: KWD_CONST id KWD_EQ value $@18 constant_opts .

    $default  reduce using rule 101 (constant)


State 101

  162 agg_opts: KWD_STRUCT $@44 agg_opts .

    $default  reduce using rule 162 (agg_opts)


State 102

  164 agg_opts: KWD_UNION $@45 agg_opts .

    $default  reduce using rule 164 (agg_opts)


State 103

  166 agg_opts: tag $@46 agg_opts .

    $default  reduce using rule 166 (agg_opts)


State 104

  168 agg_opts: pref $@47 agg_opts .

    $default  reduce using rule 168 (agg_opts)


State 105

  170 agg_opts: align $@48 agg_opts .

    $default  reduce using rule 170 (agg_opts)


State 106

  148 agg_items: KWD_END id . EOL

    EOL  shift, and go to state 146


State 107

   35 basetypes: KWD_BYTE .

    $default  reduce using rule 35 (basetypes)


State 108

   36 basetypes: KWD_WORD .

    $default  reduce using rule 36 (basetypes)


State 109

   37 basetypes: KWD_LONG .

    $default  reduce using rule 37 (basetypes)


State 110

   38 basetypes: KWD_QUAD .

    $default  reduce using rule 38 (basetypes)


State 111

   39 basetypes: KWD_OCTA .

    $default  reduce using rule 39 (basetypes)


State 112

   40 basetypes: KWD_BFLD .

    $default  reduce using rule 40 (basetypes)


State 113

   41 basetypes: KWD_FLOAT .

    $default  reduce using rule 41 (basetypes)


State 114

   42 basetypes: KWD_DOUBLE .

    $default  reduce using rule 42 (basetypes)


State 115

   43 syntypes: KWD_PACKED .

    $default  reduce using rule 43 (syntypes)


State 116

   34 basetypes: KWD_PTR .

    $default  reduce using rule 34 (basetypes)


State 117

   52 syntypes: KWD_VOID .

    $default  reduce using rule 52 (syntypes)


State 118

   51 syntypes: KWD_ENTRY .

    $default  reduce using rule 51 (syntypes)


State 119

   44 syntypes: KWD_ASCIC .

    $default  reduce using rule 44 (syntypes)


State 120

   45 syntypes: KWD_DESC .

    $default  reduce using rule 45 (syntypes)


State 121

   46 syntypes: KWD_HWADDR .

    $default  reduce using rule 46 (syntypes)


State 122

   47 syntypes: KWD_IPADDR .

    $default  reduce using rule 47 (syntypes)


State 123

   48 syntypes: KWD_IP4ADDR .

    $default  reduce using rule 48 (syntypes)


State 124

   49 syntypes: KWD_IP6ADDR .

    $default  reduce using rule 49 (syntypes)


State 125

   50 syntypes: KWD_SOCKET .

    $default  reduce using rule 50 (syntypes)


State 126

  150 agg_items: id KWD_STRUCT . $@38 struct_opts struct_items agg_items

    $default  reduce using rule 149 ($@38)

    $@38  go to state 147


State 127

  152 agg_items: id KWD_UNION . $@39 union_opts union_items agg_items

    $default  reduce using rule 151 ($@39)

    $@39  go to state 148


State 128

   53 usertypes: id .

    $default  reduce using rule 53 (usertypes)


State 129

  154 agg_items: id basetypes . $@40 field_opts agg_items

    $default  reduce using rule 153 ($@40)

    $@40  go to state 149


State 130

  156 agg_items: id syntypes . $@41 field_opts agg_items

    $default  reduce using rule 155 ($@41)

    $@41  go to state 150


State 131

  158 agg_items: id usertypes . $@42 field_opts agg_items

    $default  reduce using rule 157 ($@42)

    $@42  go to state 151


State 132

  160 agg_items: comment $@43 . agg_items

    KWD_END  shift, and go to state 87
    id       shift, and go to state 88
    comment  shift, and go to state 89

    comment   [reduce using rule 147 (agg_items)]
    $default  reduce using rule 147 (agg_items)

    agg_items  go to state 152


State 133

   88 constlist_ids: id KWD_EQ value $@13 constlist_ids .

    $default  reduce using rule 88 (constlist_ids)


State 134

   84 constlist_opts: KWD_MASK . $@12 constlist_opts

    $default  reduce using rule 83 ($@12)

    $@12  go to state 153


State 135

   29 inc: KWD_INC . value

    sdlvar       shift, and go to state 38
    decimal      shift, and go to state 39
    hexadecimal  shift, and go to state 40
    octal        shift, and go to state 41

    value  go to state 154


State 136

   62 radix: KWD_RADIX . KWD_DEC
   63      | KWD_RADIX . KWD_OCT
   64      | KWD_RADIX . KWD_BIN
   65      | KWD_RADIX . KWD_HEX

    KWD_DEC  shift, and go to state 155
    KWD_HEX  shift, and go to state 156
    KWD_OCT  shift, and go to state 157
    KWD_BIN  shift, and go to state 158


State 137

   85 constlist_opts: EOL .

    $default  reduce using rule 85 (constlist_opts)


State 138

   78 constlist_opts: tag . $@9 constlist_opts

    $default  reduce using rule 77 ($@9)

    $@9  go to state 159


State 139

   76 constlist_opts: pref . $@8 constlist_opts

    $default  reduce using rule 75 ($@8)

    $@8  go to state 160


State 140

   80 constlist_opts: inc . $@10 constlist_opts

    $default  reduce using rule 79 ($@10)

    $@10  go to state 161


State 141

   82 constlist_opts: radix . $@11 constlist_opts

    $default  reduce using rule 81 ($@11)

    $@11  go to state 162


State 142

   99 constant: KWD_CONST OPEN_LIST constlist_ids KWD_EQ value $@17 constlist_opts .

    $default  reduce using rule 99 (constant)


State 143

   72 constant_opts: KWD_MASK $@7 . constlist_opts

    KWD_PREFIX  shift, and go to state 54
    KWD_TAG     shift, and go to state 55
    KWD_MASK    shift, and go to state 134
    KWD_INC     shift, and go to state 135
    KWD_RADIX   shift, and go to state 136
    EOL         shift, and go to state 137

    $default  reduce using rule 74 (constlist_opts)

    tag             go to state 138
    pref            go to state 139
    inc             go to state 140
    radix           go to state 141
    constlist_opts  go to state 163


State 144

   70 constant_opts: tag $@6 . constant_opts

    KWD_PREFIX  shift, and go to state 54
    KWD_TAG     shift, and go to state 55
    KWD_MASK    shift, and go to state 96
    EOL         shift, and go to state 97

    $default  reduce using rule 66 (constant_opts)

    tag            go to state 98
    pref           go to state 99
    constant_opts  go to state 164


State 145

   68 constant_opts: pref $@5 . constant_opts

    KWD_PREFIX  shift, and go to state 54
    KWD_TAG     shift, and go to state 55
    KWD_MASK    shift, and go to state 96
    EOL         shift, and go to state 97

    $default  reduce using rule 66 (constant_opts)

    tag            go to state 98
    pref           go to state 99
    constant_opts  go to state 165


State 146

  148 agg_items: KWD_END id EOL .

    $default  reduce using rule 148 (agg_items)


State 147

  150 agg_items: id KWD_STRUCT $@38 . struct_opts struct_items agg_items

    KWD_PREFIX   shift, and go to state 54
    KWD_TAG      shift, and go to state 55
    KWD_NOALIGN  shift, and go to state 56
    KWD_ALIGN    shift, and go to state 57
    EOL          shift, and go to state 166

    tag          go to state 167
    pref         go to state 168
    align        go to state 169
    struct_opts  go to state 170


State 148

  152 agg_items: id KWD_UNION $@39 . union_opts union_items agg_items

    KWD_PREFIX  shift, and go to state 54
    KWD_TAG     shift, and go to state 55
    EOL         shift, and go to state 171

    tag         go to state 172
    pref        go to state 173
    union_opts  go to state 174


State 149

  154 agg_items: id basetypes $@40 . field_opts agg_items

    KWD_SIGNED     shift, and go to state 175
    KWD_UNSIGNED   shift, and go to state 176
    KWD_DIMENSION  shift, and go to state 177
    KWD_LENGTH     shift, and go to state 178
    EOL            shift, and go to state 179

    sizespec    go to state 180
    signspec    go to state 181
    field_opts  go to state 182


State 150

  156 agg_items: id syntypes $@41 . field_opts agg_items

    KWD_SIGNED     shift, and go to state 175
    KWD_UNSIGNED   shift, and go to state 176
    KWD_DIMENSION  shift, and go to state 177
    KWD_LENGTH     shift, and go to state 178
    EOL            shift, and go to state 179

    sizespec    go to state 180
    signspec    go to state 181
    field_opts  go to state 183


State 151

  158 agg_items: id usertypes $@42 . field_opts agg_items

    KWD_SIGNED     shift, and go to state 175
    KWD_UNSIGNED   shift, and go to state 176
    KWD_DIMENSION  shift, and go to state 177
    KWD_LENGTH     shift, and go to state 178
    EOL            shift, and go to state 179

    sizespec    go to state 180
    signspec    go to state 181
    field_opts  go to state 184


State 152

  160 agg_items: comment $@43 agg_items .

    $default  reduce using rule 160 (agg_items)


State 153

   84 constlist_opts: KWD_MASK $@12 . constlist_opts

    KWD_PREFIX  shift, and go to state 54
    KWD_TAG     shift, and go to state 55
    KWD_MASK    shift, and go to state 134
    KWD_INC     shift, and go to state 135
    KWD_RADIX   shift, and go to state 136
    EOL         shift, and go to state 137

    $default  reduce using rule 74 (constlist_opts)

    tag             go to state 138
    pref            go to state 139
    inc             go to state 140
    radix           go to state 141
    constlist_opts  go to state 185


State 154

   29 inc: KWD_INC value .

    $default  reduce using rule 29 (inc)


State 155

   62 radix: KWD_RADIX KWD_DEC .

    $default  reduce using rule 62 (radix)


State 156

   65 radix: KWD_RADIX KWD_HEX .

    $default  reduce using rule 65 (radix)


State 157

   63 radix: KWD_RADIX KWD_OCT .

    $default  reduce using rule 63 (radix)


State 158

   64 radix: KWD_RADIX KWD_BIN .

    $default  reduce using rule 64 (radix)


State 159

   78 constlist_opts: tag $@9 . constlist_opts

    KWD_PREFIX  shift, and go to state 54
    KWD_TAG     shift, and go to state 55
    KWD_MASK    shift, and go to state 134
    KWD_INC     shift, and go to state 135
    KWD_RADIX   shift, and go to state 136
    EOL         shift, and go to state 137

    $default  reduce using rule 74 (constlist_opts)

    tag             go to state 138
    pref            go to state 139
    inc             go to state 140
    radix           go to state 141
    constlist_opts  go to state 186


State 160

   76 constlist_opts: pref $@8 . constlist_opts

    KWD_PREFIX  shift, and go to state 54
    KWD_TAG     shift, and go to state 55
    KWD_MASK    shift, and go to state 134
    KWD_INC     shift, and go to state 135
    KWD_RADIX   shift, and go to state 136
    EOL         shift, and go to state 137

    $default  reduce using rule 74 (constlist_opts)

    tag             go to state 138
    pref            go to state 139
    inc             go to state 140
    radix           go to state 141
    constlist_opts  go to state 187


State 161

   80 constlist_opts: inc $@10 . constlist_opts

    KWD_PREFIX  shift, and go to state 54
    KWD_TAG     shift, and go to state 55
    KWD_MASK    shift, and go to state 134
    KWD_INC     shift, and go to state 135
    KWD_RADIX   shift, and go to state 136
    EOL         shift, and go to state 137

    $default  reduce using rule 74 (constlist_opts)

    tag             go to state 138
    pref            go to state 139
    inc             go to state 140
    radix           go to state 141
    constlist_opts  go to state 188


State 162

   82 constlist_opts: radix $@11 . constlist_opts

    KWD_PREFIX  shift, and go to state 54
    KWD_TAG     shift, and go to state 55
    KWD_MASK    shift, and go to state 134
    KWD_INC     shift, and go to state 135
    KWD_RADIX   shift, and go to state 136
    EOL         shift, and go to state 137

    $default  reduce using rule 74 (constlist_opts)

    tag             go to state 138
    pref            go to state 139
    inc             go to state 140
    radix           go to state 141
    constlist_opts  go to state 189


State 163

   72 constant_opts: KWD_MASK $@7 constlist_opts .

    $default  reduce using rule 72 (constant_opts)


State 164

   70 constant_opts: tag $@6 constant_opts .

    $default  reduce using rule 70 (constant_opts)


State 165

   68 constant_opts: pref $@5 constant_opts .

    $default  reduce using rule 68 (constant_opts)


State 166

  136 struct_opts: EOL .

    $default  reduce using rule 136 (struct_opts)


State 167

  131 struct_opts: tag . $@31 struct_opts

    $default  reduce using rule 130 ($@31)

    $@31  go to state 190


State 168

  133 struct_opts: pref . $@32 struct_opts

    $default  reduce using rule 132 ($@32)

    $@32  go to state 191


State 169

  135 struct_opts: align . $@33 struct_opts

    $default  reduce using rule 134 ($@33)

    $@33  go to state 192


State 170

  150 agg_items: id KWD_STRUCT $@38 struct_opts . struct_items agg_items

    KWD_END  shift, and go to state 193
    id       shift, and go to state 194
    comment  shift, and go to state 195

    KWD_END   [reduce using rule 102 (struct_items)]
    id        [reduce using rule 102 (struct_items)]
    comment   [reduce using rule 102 (struct_items)]
    $default  reduce using rule 102 (struct_items)

    struct_items  go to state 196


State 171

  141 union_opts: EOL .

    $default  reduce using rule 141 (union_opts)


State 172

  138 union_opts: tag . $@34 union_opts

    $default  reduce using rule 137 ($@34)

    $@34  go to state 197


State 173

  140 union_opts: pref . $@35 union_opts

    $default  reduce using rule 139 ($@35)

    $@35  go to state 198


State 174

  152 agg_items: id KWD_UNION $@39 union_opts . union_items agg_items

    KWD_END  shift, and go to state 199
    id       shift, and go to state 200
    comment  shift, and go to state 201

    KWD_END   [reduce using rule 116 (union_items)]
    id        [reduce using rule 116 (union_items)]
    comment   [reduce using rule 116 (union_items)]
    $default  reduce using rule 116 (union_items)

    union_items  go to state 202


State 175

   32 signspec: KWD_SIGNED .

    $default  reduce using rule 32 (signspec)


State 176

   33 signspec: KWD_UNSIGNED .

    $default  reduce using rule 33 (signspec)


State 177

   31 sizespec: KWD_DIMENSION . value

    sdlvar       shift, and go to state 38
    decimal      shift, and go to state 39
    hexadecimal  shift, and go to state 40
    octal        shift, and go to state 41

    value  go to state 203


State 178

   30 sizespec: KWD_LENGTH . value

    sdlvar       shift, and go to state 38
    decimal      shift, and go to state 39
    hexadecimal  shift, and go to state 40
    octal        shift, and go to state 41

    value  go to state 204


State 179

  146 field_opts: EOL .

    $default  reduce using rule 146 (field_opts)


State 180

  143 field_opts: sizespec . $@36 field_opts

    $default  reduce using rule 142 ($@36)

    $@36  go to state 205


State 181

  145 field_opts: signspec . $@37 field_opts

    $default  reduce using rule 144 ($@37)

    $@37  go to state 206


State 182

  154 agg_items: id basetypes $@40 field_opts . agg_items

    KWD_END  shift, and go to state 87
    id       shift, and go to state 88
    comment  shift, and go to state 89

    comment   [reduce using rule 147 (agg_items)]
    $default  reduce using rule 147 (agg_items)

    agg_items  go to state 207


State 183

  156 agg_items: id syntypes $@41 field_opts . agg_items

    KWD_END  shift, and go to state 87
    id       shift, and go to state 88
    comment  shift, and go to state 89

    comment   [reduce using rule 147 (agg_items)]
    $default  reduce using rule 147 (agg_items)

    agg_items  go to state 208


State 184

  158 agg_items: id usertypes $@42 field_opts . agg_items

    KWD_END  shift, and go to state 87
    id       shift, and go to state 88
    comment  shift, and go to state 89

    comment   [reduce using rule 147 (agg_items)]
    $default  reduce using rule 147 (agg_items)

    agg_items  go to state 209


State 185

   84 constlist_opts: KWD_MASK $@12 constlist_opts .

    $default  reduce using rule 84 (constlist_opts)


State 186

   78 constlist_opts: tag $@9 constlist_opts .

    $default  reduce using rule 78 (constlist_opts)


State 187

   76 constlist_opts: pref $@8 constlist_opts .

    $default  reduce using rule 76 (constlist_opts)


State 188

   80 constlist_opts: inc $@10 constlist_opts .

    $default  reduce using rule 80 (constlist_opts)


State 189

   82 constlist_opts: radix $@11 constlist_opts .

    $default  reduce using rule 82 (constlist_opts)


State 190

  131 struct_opts: tag $@31 . struct_opts

    KWD_PREFIX   shift, and go to state 54
    KWD_TAG      shift, and go to state 55
    KWD_NOALIGN  shift, and go to state 56
    KWD_ALIGN    shift, and go to state 57
    EOL          shift, and go to state 166

    tag          go to state 167
    pref         go to state 168
    align        go to state 169
    struct_opts  go to state 210


State 191

  133 struct_opts: pref $@32 . struct_opts

    KWD_PREFIX   shift, and go to state 54
    KWD_TAG      shift, and go to state 55
    KWD_NOALIGN  shift, and go to state 56
    KWD_ALIGN    shift, and go to state 57
    EOL          shift, and go to state 166

    tag          go to state 167
    pref         go to state 168
    align        go to state 169
    struct_opts  go to state 211


State 192

  135 struct_opts: align $@33 . struct_opts

    KWD_PREFIX   shift, and go to state 54
    KWD_TAG      shift, and go to state 55
    KWD_NOALIGN  shift, and go to state 56
    KWD_ALIGN    shift, and go to state 57
    EOL          shift, and go to state 166

    tag          go to state 167
    pref         go to state 168
    align        go to state 169
    struct_opts  go to state 212


State 193

  103 struct_items: KWD_END . id EOL

    id  shift, and go to state 213


State 194

  105 struct_items: id . KWD_STRUCT $@19 struct_opts struct_items KWD_END id EOL
  107             | id . KWD_UNION $@20 union_opts union_items KWD_END id EOL
  109             | id . basetypes $@21 field_opts struct_items
  111             | id . syntypes $@22 field_opts struct_items
  113             | id . usertypes $@23 field_opts struct_items

    KWD_BYTE     shift, and go to state 107
    KWD_WORD     shift, and go to state 108
    KWD_LONG     shift, and go to state 109
    KWD_QUAD     shift, and go to state 110
    KWD_OCTA     shift, and go to state 111
    KWD_BFLD     shift, and go to state 112
    KWD_FLOAT    shift, and go to state 113
    KWD_DOUBLE   shift, and go to state 114
    KWD_PACKED   shift, and go to state 115
    KWD_PTR      shift, and go to state 116
    KWD_VOID     shift, and go to state 117
    KWD_ENTRY    shift, and go to state 118
    KWD_ASCIC    shift, and go to state 119
    KWD_DESC     shift, and go to state 120
    KWD_HWADDR   shift, and go to state 121
    KWD_IPADDR   shift, and go to state 122
    KWD_IP4ADDR  shift, and go to state 123
    KWD_IP6ADDR  shift, and go to state 124
    KWD_SOCKET   shift, and go to state 125
    KWD_STRUCT   shift, and go to state 214
    KWD_UNION    shift, and go to state 215
    id           shift, and go to state 128

    basetypes  go to state 216
    syntypes   go to state 217
    usertypes  go to state 218


State 195

  115 struct_items: comment . $@24 struct_items

    $default  reduce using rule 114 ($@24)

    $@24  go to state 219


State 196

  150 agg_items: id KWD_STRUCT $@38 struct_opts struct_items . agg_items

    KWD_END  shift, and go to state 87
    id       shift, and go to state 88
    comment  shift, and go to state 89

    comment   [reduce using rule 147 (agg_items)]
    $default  reduce using rule 147 (agg_items)

    agg_items  go to state 220


State 197

  138 union_opts: tag $@34 . union_opts

    KWD_PREFIX  shift, and go to state 54
    KWD_TAG     shift, and go to state 55
    EOL         shift, and go to state 171

    tag         go to state 172
    pref        go to state 173
    union_opts  go to state 221


State 198

  140 union_opts: pref $@35 . union_opts

    KWD_PREFIX  shift, and go to state 54
    KWD_TAG     shift, and go to state 55
    EOL         shift, and go to state 171

    tag         go to state 172
    pref        go to state 173
    union_opts  go to state 222


State 199

  117 union_items: KWD_END . id EOL

    id  shift, and go to state 223


State 200

  119 union_items: id . KWD_STRUCT $@25 struct_opts struct_items KWD_END id EOL
  121            | id . KWD_UNION $@26 union_opts union_items KWD_END id EOL
  123            | id . basetypes $@27 field_opts union_items
  125            | id . syntypes $@28 field_opts union_items
  127            | id . usertypes $@29 field_opts union_items

    KWD_BYTE     shift, and go to state 107
    KWD_WORD     shift, and go to state 108
    KWD_LONG     shift, and go to state 109
    KWD_QUAD     shift, and go to state 110
    KWD_OCTA     shift, and go to state 111
    KWD_BFLD     shift, and go to state 112
    KWD_FLOAT    shift, and go to state 113
    KWD_DOUBLE   shift, and go to state 114
    KWD_PACKED   shift, and go to state 115
    KWD_PTR      shift, and go to state 116
    KWD_VOID     shift, and go to state 117
    KWD_ENTRY    shift, and go to state 118
    KWD_ASCIC    shift, and go to state 119
    KWD_DESC     shift, and go to state 120
    KWD_HWADDR   shift, and go to state 121
    KWD_IPADDR   shift, and go to state 122
    KWD_IP4ADDR  shift, and go to state 123
    KWD_IP6ADDR  shift, and go to state 124
    KWD_SOCKET   shift, and go to state 125
    KWD_STRUCT   shift, and go to state 224
    KWD_UNION    shift, and go to state 225
    id           shift, and go to state 128

    basetypes  go to state 226
    syntypes   go to state 227
    usertypes  go to state 228


State 201

  129 union_items: comment . $@30 union_items

    $default  reduce using rule 128 ($@30)

    $@30  go to state 229


State 202

  152 agg_items: id KWD_UNION $@39 union_opts union_items . agg_items

    KWD_END  shift, and go to state 87
    id       shift, and go to state 88
    comment  shift, and go to state 89

    comment   [reduce using rule 147 (agg_items)]
    $default  reduce using rule 147 (agg_items)

    agg_items  go to state 230


State 203

   31 sizespec: KWD_DIMENSION value .

    $default  reduce using rule 31 (sizespec)


State 204

   30 sizespec: KWD_LENGTH value .

    $default  reduce using rule 30 (sizespec)


State 205

  143 field_opts: sizespec $@36 . field_opts

    KWD_SIGNED     shift, and go to state 175
    KWD_UNSIGNED   shift, and go to state 176
    KWD_DIMENSION  shift, and go to state 177
    KWD_LENGTH     shift, and go to state 178
    EOL            shift, and go to state 179

    sizespec    go to state 180
    signspec    go to state 181
    field_opts  go to state 231


State 206

  145 field_opts: signspec $@37 . field_opts

    KWD_SIGNED     shift, and go to state 175
    KWD_UNSIGNED   shift, and go to state 176
    KWD_DIMENSION  shift, and go to state 177
    KWD_LENGTH     shift, and go to state 178
    EOL            shift, and go to state 179

    sizespec    go to state 180
    signspec    go to state 181
    field_opts  go to state 232


State 207

  154 agg_items: id basetypes $@40 field_opts agg_items .

    $default  reduce using rule 154 (agg_items)


State 208

  156 agg_items: id syntypes $@41 field_opts agg_items .

    $default  reduce using rule 156 (agg_items)


State 209

  158 agg_items: id usertypes $@42 field_opts agg_items .

    $default  reduce using rule 158 (agg_items)


State 210

  131 struct_opts: tag $@31 struct_opts .

    $default  reduce using rule 131 (struct_opts)


State 211

  133 struct_opts: pref $@32 struct_opts .

    $default  reduce using rule 133 (struct_opts)


State 212

  135 struct_opts: align $@33 struct_opts .

    $default  reduce using rule 135 (struct_opts)


State 213

  103 struct_items: KWD_END id . EOL

    EOL  shift, and go to state 233


State 214

  105 struct_items: id KWD_STRUCT . $@19 struct_opts struct_items KWD_END id EOL

    $default  reduce using rule 104 ($@19)

    $@19  go to state 234


State 215

  107 struct_items: id KWD_UNION . $@20 union_opts union_items KWD_END id EOL

    $default  reduce using rule 106 ($@20)

    $@20  go to state 235


State 216

  109 struct_items: id basetypes . $@21 field_opts struct_items

    $default  reduce using rule 108 ($@21)

    $@21  go to state 236


State 217

  111 struct_items: id syntypes . $@22 field_opts struct_items

    $default  reduce using rule 110 ($@22)

    $@22  go to state 237


State 218

  113 struct_items: id usertypes . $@23 field_opts struct_items

    $default  reduce using rule 112 ($@23)

    $@23  go to state 238


State 219

  115 struct_items: comment $@24 . struct_items

    KWD_END  shift, and go to state 193
    id       shift, and go to state 194
    comment  shift, and go to state 195

    KWD_END   [reduce using rule 102 (struct_items)]
    id        [reduce using rule 102 (struct_items)]
    comment   [reduce using rule 102 (struct_items)]
    $default  reduce using rule 102 (struct_items)

    struct_items  go to state 239


State 220

  150 agg_items: id KWD_STRUCT $@38 struct_opts struct_items agg_items .

    $default  reduce using rule 150 (agg_items)


State 221

  138 union_opts: tag $@34 union_opts .

    $default  reduce using rule 138 (union_opts)


State 222

  140 union_opts: pref $@35 union_opts .

    $default  reduce using rule 140 (union_opts)


State 223

  117 union_items: KWD_END id . EOL

    EOL  shift, and go to state 240


State 224

  119 union_items: id KWD_STRUCT . $@25 struct_opts struct_items KWD_END id EOL

    $default  reduce using rule 118 ($@25)

    $@25  go to state 241


State 225

  121 union_items: id KWD_UNION . $@26 union_opts union_items KWD_END id EOL

    $default  reduce using rule 120 ($@26)

    $@26  go to state 242


State 226

  123 union_items: id basetypes . $@27 field_opts union_items

    $default  reduce using rule 122 ($@27)

    $@27  go to state 243


State 227

  125 union_items: id syntypes . $@28 field_opts union_items

    $default  reduce using rule 124 ($@28)

    $@28  go to state 244


State 228

  127 union_items: id usertypes . $@29 field_opts union_items

    $default  reduce using rule 126 ($@29)

    $@29  go to state 245


State 229

  129 union_items: comment $@30 . union_items

    KWD_END  shift, and go to state 199
    id       shift, and go to state 200
    comment  shift, and go to state 201

    KWD_END   [reduce using rule 116 (union_items)]
    id        [reduce using rule 116 (union_items)]
    comment   [reduce using rule 116 (union_items)]
    $default  reduce using rule 116 (union_items)

    union_items  go to state 246


State 230

  152 agg_items: id KWD_UNION $@39 union_opts union_items agg_items .

    $default  reduce using rule 152 (agg_items)


State 231

  143 field_opts: sizespec $@36 field_opts .

    $default  reduce using rule 143 (field_opts)


State 232

  145 field_opts: signspec $@37 field_opts .

    $default  reduce using rule 145 (field_opts)


State 233

  103 struct_items: KWD_END id EOL .

    $default  reduce using rule 103 (struct_items)


State 234

  105 struct_items: id KWD_STRUCT $@19 . struct_opts struct_items KWD_END id EOL

    KWD_PREFIX   shift, and go to state 54
    KWD_TAG      shift, and go to state 55
    KWD_NOALIGN  shift, and go to state 56
    KWD_ALIGN    shift, and go to state 57
    EOL          shift, and go to state 166

    tag          go to state 167
    pref         go to state 168
    align        go to state 169
    struct_opts  go to state 247


State 235

  107 struct_items: id KWD_UNION $@20 . union_opts union_items KWD_END id EOL

    KWD_PREFIX  shift, and go to state 54
    KWD_TAG     shift, and go to state 55
    EOL         shift, and go to state 171

    tag         go to state 172
    pref        go to state 173
    union_opts  go to state 248


State 236

  109 struct_items: id basetypes $@21 . field_opts struct_items

    KWD_SIGNED     shift, and go to state 175
    KWD_UNSIGNED   shift, and go to state 176
    KWD_DIMENSION  shift, and go to state 177
    KWD_LENGTH     shift, and go to state 178
    EOL            shift, and go to state 179

    sizespec    go to state 180
    signspec    go to state 181
    field_opts  go to state 249


State 237

  111 struct_items: id syntypes $@22 . field_opts struct_items

    KWD_SIGNED     shift, and go to state 175
    KWD_UNSIGNED   shift, and go to state 176
    KWD_DIMENSION  shift, and go to state 177
    KWD_LENGTH     shift, and go to state 178
    EOL            shift, and go to state 179

    sizespec    go to state 180
    signspec    go to state 181
    field_opts  go to state 250


State 238

  113 struct_items: id usertypes $@23 . field_opts struct_items

    KWD_SIGNED     shift, and go to state 175
    KWD_UNSIGNED   shift, and go to state 176
    KWD_DIMENSION  shift, and go to state 177
    KWD_LENGTH     shift, and go to state 178
    EOL            shift, and go to state 179

    sizespec    go to state 180
    signspec    go to state 181
    field_opts  go to state 251


State 239

  115 struct_items: comment $@24 struct_items .

    $default  reduce using rule 115 (struct_items)


State 240

  117 union_items: KWD_END id EOL .

    $default  reduce using rule 117 (union_items)


State 241

  119 union_items: id KWD_STRUCT $@25 . struct_opts struct_items KWD_END id EOL

    KWD_PREFIX   shift, and go to state 54
    KWD_TAG      shift, and go to state 55
    KWD_NOALIGN  shift, and go to state 56
    KWD_ALIGN    shift, and go to state 57
    EOL          shift, and go to state 166

    tag          go to state 167
    pref         go to state 168
    align        go to state 169
    struct_opts  go to state 252


State 242

  121 union_items: id KWD_UNION $@26 . union_opts union_items KWD_END id EOL

    KWD_PREFIX  shift, and go to state 54
    KWD_TAG     shift, and go to state 55
    EOL         shift, and go to state 171

    tag         go to state 172
    pref        go to state 173
    union_opts  go to state 253


State 243

  123 union_items: id basetypes $@27 . field_opts union_items

    KWD_SIGNED     shift, and go to state 175
    KWD_UNSIGNED   shift, and go to state 176
    KWD_DIMENSION  shift, and go to state 177
    KWD_LENGTH     shift, and go to state 178
    EOL            shift, and go to state 179

    sizespec    go to state 180
    signspec    go to state 181
    field_opts  go to state 254


State 244

  125 union_items: id syntypes $@28 . field_opts union_items

    KWD_SIGNED     shift, and go to state 175
    KWD_UNSIGNED   shift, and go to state 176
    KWD_DIMENSION  shift, and go to state 177
    KWD_LENGTH     shift, and go to state 178
    EOL            shift, and go to state 179

    sizespec    go to state 180
    signspec    go to state 181
    field_opts  go to state 255


State 245

  127 union_items: id usertypes $@29 . field_opts union_items

    KWD_SIGNED     shift, and go to state 175
    KWD_UNSIGNED   shift, and go to state 176
    KWD_DIMENSION  shift, and go to state 177
    KWD_LENGTH     shift, and go to state 178
    EOL            shift, and go to state 179

    sizespec    go to state 180
    signspec    go to state 181
    field_opts  go to state 256


State 246

  129 union_items: comment $@30 union_items .

    $default  reduce using rule 129 (union_items)


State 247

  105 struct_items: id KWD_STRUCT $@19 struct_opts . struct_items KWD_END id EOL

    KWD_END  shift, and go to state 193
    id       shift, and go to state 194
    comment  shift, and go to state 195

    KWD_END  [reduce using rule 102 (struct_items)]

    struct_items  go to state 257


State 248

  107 struct_items: id KWD_UNION $@20 union_opts . union_items KWD_END id EOL

    KWD_END  shift, and go to state 199
    id       shift, and go to state 200
    comment  shift, and go to state 201

    KWD_END  [reduce using rule 116 (union_items)]

    union_items  go to state 258


State 249

  109 struct_items: id basetypes $@21 field_opts . struct_items

    KWD_END  shift, and go to state 193
    id       shift, and go to state 194
    comment  shift, and go to state 195

    KWD_END   [reduce using rule 102 (struct_items)]
    id        [reduce using rule 102 (struct_items)]
    comment   [reduce using rule 102 (struct_items)]
    $default  reduce using rule 102 (struct_items)

    struct_items  go to state 259


State 250

  111 struct_items: id syntypes $@22 field_opts . struct_items

    KWD_END  shift, and go to state 193
    id       shift, and go to state 194
    comment  shift, and go to state 195

    KWD_END   [reduce using rule 102 (struct_items)]
    id        [reduce using rule 102 (struct_items)]
    comment   [reduce using rule 102 (struct_items)]
    $default  reduce using rule 102 (struct_items)

    struct_items  go to state 260


State 251

  113 struct_items: id usertypes $@23 field_opts . struct_items

    KWD_END  shift, and go to state 193
    id       shift, and go to state 194
    comment  shift, and go to state 195

    KWD_END   [reduce using rule 102 (struct_items)]
    id        [reduce using rule 102 (struct_items)]
    comment   [reduce using rule 102 (struct_items)]
    $default  reduce using rule 102 (struct_items)

    struct_items  go to state 261


State 252

  119 union_items: id KWD_STRUCT $@25 struct_opts . struct_items KWD_END id EOL

    KWD_END  shift, and go to state 193
    id       shift, and go to state 194
    comment  shift, and go to state 195

    KWD_END  [reduce using rule 102 (struct_items)]

    struct_items  go to state 262


State 253

  121 union_items: id KWD_UNION $@26 union_opts . union_items KWD_END id EOL

    KWD_END  shift, and go to state 199
    id       shift, and go to state 200
    comment  shift, and go to state 201

    KWD_END  [reduce using rule 116 (union_items)]

    union_items  go to state 263


State 254

  123 union_items: id basetypes $@27 field_opts . union_items

    KWD_END  shift, and go to state 199
    id       shift, and go to state 200
    comment  shift, and go to state 201

    KWD_END   [reduce using rule 116 (union_items)]
    id        [reduce using rule 116 (union_items)]
    comment   [reduce using rule 116 (union_items)]
    $default  reduce using rule 116 (union_items)

    union_items  go to state 264


State 255

  125 union_items: id syntypes $@28 field_opts . union_items

    KWD_END  shift, and go to state 199
    id       shift, and go to state 200
    comment  shift, and go to state 201

    KWD_END   [reduce using rule 116 (union_items)]
    id        [reduce using rule 116 (union_items)]
    comment   [reduce using rule 116 (union_items)]
    $default  reduce using rule 116 (union_items)

    union_items  go to state 265


State 256

  127 union_items: id usertypes $@29 field_opts . union_items

    KWD_END  shift, and go to state 199
    id       shift, and go to state 200
    comment  shift, and go to state 201

    KWD_END   [reduce using rule 116 (union_items)]
    id        [reduce using rule 116 (union_items)]
    comment   [reduce using rule 116 (union_items)]
    $default  reduce using rule 116 (union_items)

    union_items  go to state 266


State 257

  105 struct_items: id KWD_STRUCT $@19 struct_opts struct_items . KWD_END id EOL

    KWD_END  shift, and go to state 267


State 258

  107 struct_items: id KWD_UNION $@20 union_opts union_items . KWD_END id EOL

    KWD_END  shift, and go to state 268


State 259

  109 struct_items: id basetypes $@21 field_opts struct_items .

    $default  reduce using rule 109 (struct_items)


State 260

  111 struct_items: id syntypes $@22 field_opts struct_items .

    $default  reduce using rule 111 (struct_items)


State 261

  113 struct_items: id usertypes $@23 field_opts struct_items .

    $default  reduce using rule 113 (struct_items)


State 262

  119 union_items: id KWD_STRUCT $@25 struct_opts struct_items . KWD_END id EOL

    KWD_END  shift, and go to state 269


State 263

  121 union_items: id KWD_UNION $@26 union_opts union_items . KWD_END id EOL

    KWD_END  shift, and go to state 270


State 264

  123 union_items: id basetypes $@27 field_opts union_items .

    $default  reduce using rule 123 (union_items)


State 265

  125 union_items: id syntypes $@28 field_opts union_items .

    $default  reduce using rule 125 (union_items)


State 266

  127 union_items: id usertypes $@29 field_opts union_items .

    $default  reduce using rule 127 (union_items)


State 267

  105 struct_items: id KWD_STRUCT $@19 struct_opts struct_items KWD_END . id EOL

    id  shift, and go to state 271


State 268

  107 struct_items: id KWD_UNION $@20 union_opts union_items KWD_END . id EOL

    id  shift, and go to state 272


State 269

  119 union_items: id KWD_STRUCT $@25 struct_opts struct_items KWD_END . id EOL

    id  shift, and go to state 273


State 270

  121 union_items: id KWD_UNION $@26 union_opts union_items KWD_END . id EOL

    id  shift, and go to state 274


State 271

  105 struct_items: id KWD_STRUCT $@19 struct_opts struct_items KWD_END id . EOL

    EOL  shift, and go to state 275


State 272

  107 struct_items: id KWD_UNION $@20 union_opts union_items KWD_END id . EOL

    EOL  shift, and go to state 276


State 273

  119 union_items: id KWD_STRUCT $@25 struct_opts struct_items KWD_END id . EOL

    EOL  shift, and go to state 277


State 274

  121 union_items: id KWD_UNION $@26 union_opts union_items KWD_END id . EOL

    EOL  shift, and go to state 278


State 275

  105 struct_items: id KWD_STRUCT $@19 struct_opts struct_items KWD_END id EOL .

    $default  reduce using rule 105 (struct_items)


State 276

  107 struct_items: id KWD_UNION $@20 union_opts union_items KWD_END id EOL .

    $default  reduce using rule 107 (struct_items)


State 277

  119 union_items: id KWD_STRUCT $@25 struct_opts struct_items KWD_END id EOL .

    $default  reduce using rule 119 (union_items)


State 278

  121 union_items: id KWD_UNION $@26 union_opts union_items KWD_END id EOL .

    $default  reduce using rule 121 (union_items)
